<?xml version="1.0" encoding="UTF-8"?>
<!-- Generated by org.testng.reporters.JUnitReportReporter -->
<testsuite skipped="0" hostname="Mahesh-PC" name="com.qa.google.testcases.mapMenuPageTest" tests="3" failures="0" timestamp="2020-01-25T17:33:37 IST" time="66.834" errors="0">
  <testcase name="verifyTitleTest" time="12.091" classname="com.qa.google.testcases.mapMenuPageTest"/>
  <testcase name="checkGooglePage" time="16.378" classname="com.qa.google.testcases.mapMenuPageTest"/>
  <testcase name="checkoginTest" time="38.365" classname="com.qa.google.testcases.mapMenuPageTest"/>
</testsuite> <!-- com.qa.google.testcases.mapMenuPageTest -->
