<?xml version="1.0" encoding="UTF-8"?>
<!-- Generated by org.testng.reporters.JUnitReportReporter -->
<testsuite skipped="0" hostname="Mahesh-PC" name="com.qa.google.testcases.accountMenuPageTest" tests="3" failures="0" timestamp="2020-01-25T17:33:37 IST" time="50.777" errors="0">
  <testcase name="verifyTitleTest" time="13.422" classname="com.qa.google.testcases.accountMenuPageTest"/>
  <testcase name="verifygoogleAccountTest" time="12.617" classname="com.qa.google.testcases.accountMenuPageTest"/>
  <testcase name="verifyaccountLogin" time="24.738" classname="com.qa.google.testcases.accountMenuPageTest"/>
</testsuite> <!-- com.qa.google.testcases.accountMenuPageTest -->
