<?xml version="1.0" encoding="UTF-8"?>
<!-- Generated by org.testng.reporters.JUnitReportReporter -->
<testsuite skipped="0" hostname="Mahesh-PC" name="com.qa.google.testcases.newsMenuPageTest" tests="3" failures="0" timestamp="2020-01-25T17:33:37 IST" time="53.278" errors="0">
  <testcase name="verifyTitleTest" time="14.497" classname="com.qa.google.testcases.newsMenuPageTest"/>
  <testcase name="checkYoutubePage" time="11.702" classname="com.qa.google.testcases.newsMenuPageTest"/>
  <testcase name="checkplayloginTest" time="27.079" classname="com.qa.google.testcases.newsMenuPageTest"/>
</testsuite> <!-- com.qa.google.testcases.newsMenuPageTest -->
