<?xml version="1.0" encoding="UTF-8"?>
<!-- Generated by org.testng.reporters.JUnitReportReporter -->
<testsuite skipped="0" hostname="Mahesh-PC" name="com.qa.google.testcases.youtubePageTest" tests="3" failures="0" timestamp="2020-01-25T17:33:37 IST" time="67.091" errors="0">
  <testcase name="verifyTitleTest" time="16.415" classname="com.qa.google.testcases.youtubePageTest"/>
  <testcase name="checkYoutubePage" time="13.595" classname="com.qa.google.testcases.youtubePageTest"/>
  <testcase name="checkYouTubeloginTest" time="37.081" classname="com.qa.google.testcases.youtubePageTest"/>
</testsuite> <!-- com.qa.google.testcases.youtubePageTest -->
