<?xml version="1.0" encoding="UTF-8"?>
<!-- Generated by org.testng.reporters.JUnitReportReporter -->
<testsuite skipped="0" hostname="Mahesh-PC" name="com.qa.google.testcases.playMenuPageTest" tests="3" failures="0" timestamp="2020-01-25T17:33:37 IST" time="48.406" errors="0">
  <testcase name="verifyTitleTest" time="12.028" classname="com.qa.google.testcases.playMenuPageTest"/>
  <testcase name="checkYoutubePage" time="11.330" classname="com.qa.google.testcases.playMenuPageTest"/>
  <testcase name="checkYouTubeloginTest" time="25.048" classname="com.qa.google.testcases.playMenuPageTest"/>
</testsuite> <!-- com.qa.google.testcases.playMenuPageTest -->
