<?xml version="1.0" encoding="UTF-8"?>
<!-- Generated by org.testng.reporters.JUnitReportReporter -->
<testsuite skipped="0" hostname="Mahesh-PC" name="com.qa.google.testcases.googleSearchMenuTest" tests="3" failures="0" timestamp="2020-01-25T17:33:37 IST" time="43.545" errors="0">
  <testcase name="verifyTitleTest" time="8.158" classname="com.qa.google.testcases.googleSearchMenuTest"/>
  <testcase name="checkGooglePage" time="10.457" classname="com.qa.google.testcases.googleSearchMenuTest"/>
  <testcase name="signInSerchPageTest" time="24.930" classname="com.qa.google.testcases.googleSearchMenuTest"/>
</testsuite> <!-- com.qa.google.testcases.googleSearchMenuTest -->
