<?xml version="1.0" encoding="UTF-8"?>
<!-- Generated by org.testng.reporters.JUnitReportReporter -->
<testsuite skipped="0" hostname="Mahesh-PC" name="com.qa.google.testcases.GmailMenuPageTest" tests="3" failures="0" timestamp="2020-01-25T17:33:37 IST" time="87.363" errors="0">
  <testcase name="verifyTitleTest" time="16.912" classname="com.qa.google.testcases.GmailMenuPageTest"/>
  <testcase name="checkGmailPage" time="15.921" classname="com.qa.google.testcases.GmailMenuPageTest"/>
  <testcase name="checkpgmialloginTest" time="54.530" classname="com.qa.google.testcases.GmailMenuPageTest"/>
</testsuite> <!-- com.qa.google.testcases.GmailMenuPageTest -->
