<?xml version="1.0" encoding="UTF-8"?>
<!-- Generated by org.testng.reporters.JUnitReportReporter -->
<testsuite skipped="0" hostname="Mahesh-PC" name="com.qa.google.testcases.googleProductPageTest" tests="1" failures="0" timestamp="2020-01-25T17:33:37 IST" time="20.406" errors="0">
  <testcase name="checkProductOfGoogle" time="20.406" classname="com.qa.google.testcases.googleProductPageTest"/>
</testsuite> <!-- com.qa.google.testcases.googleProductPageTest -->
