<?xml version="1.0" encoding="UTF-8"?>
<!-- Generated by org.testng.reporters.JUnitReportReporter -->
<testsuite skipped="0" hostname="Mahesh-PC" name="com.qa.google.testcases.GoogleSearchPageTest" tests="3" failures="0" timestamp="2020-01-25T17:33:37 IST" time="32.931" errors="0">
  <testcase name="homePageTest" time="8.638" classname="com.qa.google.testcases.GoogleSearchPageTest"/>
  <testcase name="checkLanguage" time="10.898" classname="com.qa.google.testcases.GoogleSearchPageTest"/>
  <testcase name="serachOpeartion" time="13.395" classname="com.qa.google.testcases.GoogleSearchPageTest"/>
</testsuite> <!-- com.qa.google.testcases.GoogleSearchPageTest -->
